<?xml version="1.0" encoding="UTF-8" ?>
<testsuites errors="0"
            failures="1"
            tests="1">

  <testsuite name="StackOverflow"
    errors="0" failures="1" hostname="" id="" package="StackOverflow" skipped="0"
    tests="1" time="15.57" timestamp="">
  
    <testcase name="Test StackOverflow Search" classname="StackOverflow" time="15.57" assertions="6">

    

    

    

    

      <failure message="Timed out while waiting for element &lt;body&gt; to be present for 5000 milliseconds. - expected [0;32m&#34;visible&#34;[0m but got: [0;31m&#34;not found&#34;[0m [0;90m(5091ms)[0m">    at Object.Test StackOverflow Search (/Users/tonyprater/Documents/Testing/Tests/StackOverflow.js:50:10)
    at processTicksAndRejections (internal/process/task_queues.js:93:5)</failure>

    <failure message="    at Object.Test StackOverflow Search (/Users/tonyprater/Documents/Testing/Tests/StackOverflow.js:50:10)">    at processTicksAndRejections (internal/process/task_queues.js:93:5)</failure>
    </testcase>
  

  
    <system-err>
      [0;31m  TypeError: Cannot read property &#39;filename_prefix&#39; of undefined[0m
[0;90m       at Object.write (/Users/tonyprater/Documents/Testing/html-reporter.js:8:34)
       at processTicksAndRejections (internal/process/task_queues.js:93:5)[0m
    </system-err>
  

  
  </testsuite>
</testsuites>
